<?xml version="1.0" encoding="UTF-8"?>
<!-- Generated by org.testng.reporters.JUnitReportReporter -->
<testsuite skipped="0" hostname="nayan-mittal01" name="InnovativeProduct.OSUpgrade.SettingTest66" tests="1" failures="0" timestamp="10 Dec 2019 04:09:59 GMT" time="2501.576" errors="0">
  <testcase name="enterText" time="2501.576" classname="InnovativeProduct.OSUpgrade.SettingTest66"/>
</testsuite> <!-- InnovativeProduct.OSUpgrade.SettingTest66 -->
