<?xml version="1.0" encoding="UTF-8"?>
<!-- Generated by org.testng.reporters.JUnitReportReporter -->
<testsuite skipped="0" hostname="nayan-mittal01" name="InnovativeProduct.OSUpgrade.MessageTest4" tests="1" failures="0" timestamp="07 Oct 2019 10:33:48 GMT" time="318.359" errors="0">
  <testcase name="enterText" time="318.359" classname="InnovativeProduct.OSUpgrade.MessageTest4"/>
</testsuite> <!-- InnovativeProduct.OSUpgrade.MessageTest4 -->
