<?xml version="1.0" encoding="UTF-8"?>
<!-- Generated by org.testng.reporters.JUnitReportReporter -->
<testsuite skipped="0" hostname="nayan-mittal01" name="InnovativeProduct.OSUpgrade.SettingTest9" tests="1" failures="0" timestamp="18 Dec 2019 09:11:12 GMT" time="377.209" errors="0">
  <testcase name="enterText" time="377.209" classname="InnovativeProduct.OSUpgrade.SettingTest9"/>
</testsuite> <!-- InnovativeProduct.OSUpgrade.SettingTest9 -->
