<?xml version="1.0" encoding="UTF-8"?>
<!-- Generated by org.testng.reporters.JUnitReportReporter -->
<testsuite skipped="0" hostname="nayan-mittal01" name="InnovativeProduct.OSUpgrade.SettingTest3" tests="1" failures="0" timestamp="20 Nov 2019 09:55:33 GMT" time="2266.176" errors="0">
  <testcase name="enterText" time="2266.176" classname="InnovativeProduct.OSUpgrade.SettingTest3"/>
</testsuite> <!-- InnovativeProduct.OSUpgrade.SettingTest3 -->
