<?xml version="1.0" encoding="UTF-8"?>
<!-- Generated by org.testng.reporters.JUnitReportReporter -->
<testsuite skipped="0" hostname="nayan-mittal01" name="InnovativeProduct.OSUpgrade.SettingTest11" tests="1" failures="0" timestamp="30 Dec 2019 06:19:10 GMT" time="59.371" errors="0">
  <testcase name="enterText" time="59.371" classname="InnovativeProduct.OSUpgrade.SettingTest11"/>
</testsuite> <!-- InnovativeProduct.OSUpgrade.SettingTest11 -->
