<?xml version="1.0" encoding="UTF-8"?>
<!-- Generated by org.testng.reporters.JUnitReportReporter -->
<testsuite skipped="0" hostname="nayan-mittal01" name="InnovativeProduct.OSUpgrade.SettingTest10" tests="2" failures="0" timestamp="08 Jan 2020 06:53:52 GMT" time="11163.921" errors="0">
  <testcase name="enterText" time="11163.906" classname="InnovativeProduct.OSUpgrade.SettingTest10"/>
  <testcase name="Test2" time="0.015" classname="InnovativeProduct.OSUpgrade.SettingTest10"/>
</testsuite> <!-- InnovativeProduct.OSUpgrade.SettingTest10 -->
