<?xml version="1.0" encoding="UTF-8"?>
<!-- Generated by org.testng.reporters.JUnitReportReporter -->
<testsuite skipped="0" hostname="nayan-mittal01" name="InnovativeProduct.OSUpgrade.SettingTest4" tests="1" failures="0" timestamp="04 Dec 2019 09:23:33 GMT" time="2888.371" errors="0">
  <testcase name="enterText" time="2888.371" classname="InnovativeProduct.OSUpgrade.SettingTest4"/>
</testsuite> <!-- InnovativeProduct.OSUpgrade.SettingTest4 -->
