<?xml version="1.0" encoding="UTF-8"?>
<!-- Generated by org.testng.reporters.JUnitReportReporter -->
<testsuite skipped="0" hostname="nayan-mittal01" name="InnovativeProduct.OSUpgrade.MessageTest14" tests="1" failures="0" timestamp="25 Nov 2019 10:34:32 GMT" time="3128.241" errors="0">
  <testcase name="enterText" time="3128.241" classname="InnovativeProduct.OSUpgrade.MessageTest14"/>
</testsuite> <!-- InnovativeProduct.OSUpgrade.MessageTest14 -->
