<?xml version="1.0" encoding="UTF-8"?>
<!-- Generated by org.testng.reporters.JUnitReportReporter -->
<testsuite skipped="0" hostname="nayan-mittal01" name="InnovativeProduct.OSUpgrade.MessageTest15" tests="1" failures="0" timestamp="07 Jan 2020 11:34:48 GMT" time="141.575" errors="0">
  <testcase name="enterText" time="141.575" classname="InnovativeProduct.OSUpgrade.MessageTest15"/>
</testsuite> <!-- InnovativeProduct.OSUpgrade.MessageTest15 -->
