<?xml version="1.0" encoding="UTF-8"?>
<!-- Generated by org.testng.reporters.JUnitReportReporter -->
<testsuite skipped="0" hostname="nayan-mittal01" name="InnovativeProduct.OSUpgrade.TestFile" tests="1" failures="0" timestamp="09 Oct 2019 05:22:14 GMT" time="68.133" errors="0">
  <testcase name="enterText" time="68.133" classname="InnovativeProduct.OSUpgrade.TestFile"/>
</testsuite> <!-- InnovativeProduct.OSUpgrade.TestFile -->
