<?xml version="1.0" encoding="UTF-8"?>
<!-- Generated by org.testng.reporters.JUnitReportReporter -->
<testsuite skipped="0" hostname="nayan-mittal01" name="InnovativeProduct.OSUpgrade.SettingTest10" tests="2" failures="0" timestamp="09 Jan 2020 14:07:48 GMT" time="406.513" errors="0">
  <testcase name="Test2" time="0.010" classname="InnovativeProduct.OSUpgrade.SettingTest10"/>
  <testcase name="enterText" time="406.503" classname="InnovativeProduct.OSUpgrade.SettingTest10"/>
</testsuite> <!-- InnovativeProduct.OSUpgrade.SettingTest10 -->
