<?xml version="1.0" encoding="UTF-8"?>
<!-- Generated by org.testng.reporters.JUnitReportReporter -->
<testsuite skipped="0" hostname="nayan-mittal01" name="InnovativeProduct.OSUpgrade.Base" tests="1" failures="0" timestamp="20 Sep 2019 11:39:10 GMT" time="39.587" errors="0">
  <testcase name="Capabilities" time="39.587" classname="InnovativeProduct.OSUpgrade.Base"/>
</testsuite> <!-- InnovativeProduct.OSUpgrade.Base -->
