<?xml version="1.0" encoding="UTF-8"?>
<!-- Generated by org.testng.reporters.JUnitReportReporter -->
<testsuite skipped="0" hostname="nayan-mittal01" name="InnovativeProduct.OSUpgrade.PrintFormat" tests="1" failures="0" timestamp="11 Dec 2019 10:21:41 GMT" time="32.163" errors="0">
  <testcase name="pBold" time="32.163" classname="InnovativeProduct.OSUpgrade.PrintFormat"/>
</testsuite> <!-- InnovativeProduct.OSUpgrade.PrintFormat -->
