<?xml version="1.0" encoding="UTF-8"?>
<!-- Generated by org.testng.reporters.JUnitReportReporter -->
<testsuite skipped="0" hostname="nayan-mittal01" name="InnovativeProduct.OSUpgrade.SettingTest7" tests="1" failures="0" timestamp="17 Dec 2019 13:30:43 GMT" time="6224.094" errors="0">
  <testcase name="enterText" time="6224.094" classname="InnovativeProduct.OSUpgrade.SettingTest7"/>
</testsuite> <!-- InnovativeProduct.OSUpgrade.SettingTest7 -->
