<?xml version="1.0" encoding="UTF-8"?>
<!-- Generated by org.testng.reporters.JUnitReportReporter -->
<testsuite skipped="0" hostname="nayan-mittal01" name="InnovativeProduct.OSUpgrade.ADBMethod" tests="1" failures="0" timestamp="17 Oct 2019 06:17:27 GMT" time="1.019" errors="0">
  <testcase name="getPackagesList" time="1.019" classname="InnovativeProduct.OSUpgrade.ADBMethod"/>
</testsuite> <!-- InnovativeProduct.OSUpgrade.ADBMethod -->
