<?xml version="1.0" encoding="UTF-8"?>
<!-- Generated by org.testng.reporters.JUnitReportReporter -->
<testsuite skipped="0" hostname="nayan-mittal01" name="InnovativeProduct.OSUpgrade.SettingTest6" tests="1" failures="0" timestamp="09 Dec 2019 08:04:28 GMT" time="3164.083" errors="0">
  <testcase name="enterText" time="3164.083" classname="InnovativeProduct.OSUpgrade.SettingTest6"/>
</testsuite> <!-- InnovativeProduct.OSUpgrade.SettingTest6 -->
