<?xml version="1.0" encoding="UTF-8"?>
<!-- Generated by org.testng.reporters.JUnitReportReporter -->
<testsuite skipped="0" hostname="nayan-mittal01" name="InnovativeProduct.OSUpgrade.ADBMethod3" tests="1" failures="0" timestamp="17 Oct 2019 06:33:34 GMT" time="0.023" errors="0">
  <testcase name="getList" time="0.023" classname="InnovativeProduct.OSUpgrade.ADBMethod3"/>
</testsuite> <!-- InnovativeProduct.OSUpgrade.ADBMethod3 -->
