<?xml version="1.0" encoding="UTF-8"?>
<!-- Generated by org.testng.reporters.JUnitReportReporter -->
<testsuite skipped="0" hostname="nayan-mittal01" name="InnovativeProduct.OSUpgrade.MessageTest3" tests="1" failures="0" timestamp="30 Sep 2019 10:10:51 GMT" time="188.279" errors="0">
  <testcase name="enterText" time="188.279" classname="InnovativeProduct.OSUpgrade.MessageTest3"/>
</testsuite> <!-- InnovativeProduct.OSUpgrade.MessageTest3 -->
