<?xml version="1.0" encoding="UTF-8"?>
<!-- Generated by org.testng.reporters.JUnitReportReporter -->
<testsuite skipped="0" hostname="nayan-mittal01" name="InnovativeProduct.OSUpgrade.ADBMethod2" tests="1" failures="0" timestamp="17 Oct 2019 06:30:17 GMT" time="1.016" errors="0">
  <testcase name="getPackagesList" time="1.016" classname="InnovativeProduct.OSUpgrade.ADBMethod2"/>
</testsuite> <!-- InnovativeProduct.OSUpgrade.ADBMethod2 -->
