<?xml version="1.0" encoding="UTF-8"?>
<!-- Generated by org.testng.reporters.JUnitReportReporter -->
<testsuite skipped="0" hostname="nayan-mittal01" name="InnovativeProduct.OSUpgrade.SettingTest8" tests="1" failures="0" timestamp="18 Dec 2019 06:25:19 GMT" time="757.703" errors="0">
  <testcase name="enterText" time="757.703" classname="InnovativeProduct.OSUpgrade.SettingTest8"/>
</testsuite> <!-- InnovativeProduct.OSUpgrade.SettingTest8 -->
