<?xml version="1.0" encoding="UTF-8"?>
<!-- Generated by org.testng.reporters.JUnitReportReporter -->
<testsuite skipped="0" hostname="nayan-mittal01" name="InnovativeProduct.OSUpgrade.MessageTest7" tests="1" failures="0" timestamp="14 Oct 2019 09:51:58 GMT" time="294.607" errors="0">
  <testcase name="enterText" time="294.607" classname="InnovativeProduct.OSUpgrade.MessageTest7"/>
</testsuite> <!-- InnovativeProduct.OSUpgrade.MessageTest7 -->
