<?xml version="1.0" encoding="UTF-8"?>
<!-- Generated by org.testng.reporters.JUnitReportReporter -->
<testsuite skipped="0" hostname="nayan-mittal01" name="InnovativeProduct.OSUpgrade.SettingTest" tests="1" failures="0" timestamp="06 Nov 2019 06:04:47 GMT" time="92.141" errors="0">
  <testcase name="enterText" time="92.141" classname="InnovativeProduct.OSUpgrade.SettingTest"/>
</testsuite> <!-- InnovativeProduct.OSUpgrade.SettingTest -->
