<?xml version="1.0" encoding="UTF-8"?>
<!-- Generated by org.testng.reporters.JUnitReportReporter -->
<testsuite skipped="0" hostname="nayan-mittal01" name="InnovativeProduct.OSUpgrade.ListTest" tests="1" failures="0" timestamp="07 Oct 2019 09:15:55 GMT" time="0.012" errors="0">
  <testcase name="ltTest" time="0.012" classname="InnovativeProduct.OSUpgrade.ListTest"/>
</testsuite> <!-- InnovativeProduct.OSUpgrade.ListTest -->
