<?xml version="1.0" encoding="UTF-8"?>
<!-- Generated by org.testng.reporters.JUnitReportReporter -->
<testsuite skipped="0" hostname="nayan-mittal01" name="InnovativeProduct.OSUpgrade.MessageTest" tests="1" failures="0" timestamp="26 Sep 2019 09:35:06 GMT" time="183.629" errors="0">
  <testcase name="enterText" time="183.629" classname="InnovativeProduct.OSUpgrade.MessageTest"/>
</testsuite> <!-- InnovativeProduct.OSUpgrade.MessageTest -->
