<?xml version="1.0" encoding="UTF-8"?>
<!-- Generated by org.testng.reporters.JUnitReportReporter -->
<testsuite skipped="0" hostname="nayan-mittal01" name="InnovativeProduct.OSUpgrade.FileTest" tests="1" failures="0" timestamp="26 Nov 2019 12:29:24 GMT" time="0.017" errors="0">
  <testcase name="WriteToFile" time="0.017" classname="InnovativeProduct.OSUpgrade.FileTest"/>
</testsuite> <!-- InnovativeProduct.OSUpgrade.FileTest -->
