<?xml version="1.0" encoding="UTF-8"?>
<!-- Generated by org.testng.reporters.JUnitReportReporter -->
<testsuite skipped="0" hostname="nayan-mittal01" name="InnovativeProduct.OSUpgrade.MessageTest8" tests="1" failures="0" timestamp="23 Oct 2019 09:12:40 GMT" time="141.231" errors="0">
  <testcase name="enterText" time="141.231" classname="InnovativeProduct.OSUpgrade.MessageTest8"/>
</testsuite> <!-- InnovativeProduct.OSUpgrade.MessageTest8 -->
