<?xml version="1.0" encoding="UTF-8"?>
<!-- Generated by org.testng.reporters.JUnitReportReporter -->
<testsuite skipped="0" hostname="nayan-mittal01" name="InnovativeProduct.OSUpgrade.MessageTest6" tests="1" failures="0" timestamp="15 Oct 2019 09:48:09 GMT" time="176.437" errors="0">
  <testcase name="enterText" time="176.437" classname="InnovativeProduct.OSUpgrade.MessageTest6"/>
</testsuite> <!-- InnovativeProduct.OSUpgrade.MessageTest6 -->
