<?xml version="1.0" encoding="UTF-8"?>
<!-- Generated by org.testng.reporters.JUnitReportReporter -->
<testsuite skipped="0" hostname="nayan-mittal01" name="InnovativeProduct.OSUpgrade.MessageTest5" tests="1" failures="0" timestamp="10 Oct 2019 11:40:00 GMT" time="320.616" errors="0">
  <testcase name="enterText" time="320.616" classname="InnovativeProduct.OSUpgrade.MessageTest5"/>
</testsuite> <!-- InnovativeProduct.OSUpgrade.MessageTest5 -->
